#
# A fatal error has been detected by the Java Runtime Environment:
#
#  EXCEPTION_ACCESS_VIOLATION (0xc0000005) at pc=0x00007fffc3913004, pid=9940, tid=8808
#
# JRE version: OpenJDK Runtime Environment (24.0.1+9) (build 24.0.1+9-30)
# Java VM: OpenJDK 64-Bit Server VM (24.0.1+9-30, mixed mode, sharing, tiered, compressed oops, compressed class ptrs, g1 gc, windows-amd64)
# Problematic frame:
# C  [libasyncProfiler.dll+0x93004]
#
# No core dump will be written. Minidumps are not enabled by default on client versions of Windows
#
# JFR recording file will be written. Location: C:\Users\danie\Desktop\ManDator_V2\hs_err_pid9940.jfr
#
# If you would like to submit a bug report, please visit:
#   https://bugreport.java.com/bugreport/crash.jsp
# The crash happened outside the Java Virtual Machine in native code.
# See problematic frame for where to report the bug.
#

---------------  S U M M A R Y ------------

Command Line: -javaagent:C:\Program Files\JetBrains\IntelliJ IDEA 2024.3.5\lib\idea_rt.jar=64140 -Dfile.encoding=UTF-8 -Dsun.stdout.encoding=UTF-8 -Dsun.stderr.encoding=UTF-8 energy.UsageService

Host: AMD Ryzen 5 9600X 6-Core Processor             , 12 cores, 31G,  Windows 11 , 64 bit Build 26100 (10.0.26100.4202)
Time: Wed Jun 11 16:07:00 2025 Mitteleuropäische Sommerzeit elapsed time: 32.808492 seconds (0d 0h 0m 32s)

---------------  T H R E A D  ---------------

Current thread (0x0000016d5cb6e120):  JavaThread "Attach Listener" daemon [_thread_in_native, id=8808, stack(0x0000000d46200000,0x0000000d46300000) (1024K)]

Stack: [0x0000000d46200000,0x0000000d46300000],  sp=0x0000000d462ff020,  free space=1020k
Native frames: (J=compiled Java code, j=interpreted, Vv=VM code, C=native code)
C  [libasyncProfiler.dll+0x93004]  (no source info available)
C  [libasyncProfiler.dll+0x934db]  (no source info available)
C  [libasyncProfiler.dll+0x92134]  (no source info available)
C  [libasyncProfiler.dll+0x929aa]  (no source info available)
C  [libasyncProfiler.dll+0x8d561]  (no source info available)
C  [libasyncProfiler.dll+0x7ef21]  (no source info available)
C  [libasyncProfiler.dll+0x7dc38]  (no source info available)
C  [libasyncProfiler.dll+0x7db20]  (no source info available)
C  [libasyncProfiler.dll+0x84af9]  (no source info available)
V  [jvm.dll+0x57eff7]  (no source info available)
V  [jvm.dll+0x57fdac]  (no source info available)
V  [jvm.dll+0x14ca17]  (no source info available)
V  [jvm.dll+0x14dfe1]  (no source info available)
V  [jvm.dll+0x42f456]  (no source info available)
V  [jvm.dll+0x87d76b]  (no source info available)
V  [jvm.dll+0x72ee55]  (no source info available)
C  [ucrtbase.dll+0x37b0]  (no source info available)
C  [KERNEL32.DLL+0x2e8d7]  (no source info available)
C  [ntdll.dll+0x3c34c]  (no source info available)


siginfo: EXCEPTION_ACCESS_VIOLATION (0xc0000005), reading address 0xffffffffffffffff


Registers:
RAX=0x0000000000000010, RBX=0x0000000000000000, RCX=0xffffffffffffffff, RDX=0x007fffb612300010
RSP=0x0000000d462ff020, RBP=0x0000016da6de0c30, RSI=0x0000000d462ff190, RDI=0x0000016da6de0c30
R8 =0x0000000000000042, R9 =0x000000062a000000, R10=0x00007fffb6399fb0, R11=0x0000000000000004
R12=0x0000000d462ff190, R13=0x0000016da5fd7620, R14=0x0000016d5cb6e4e8, R15=0x0000016d5cb6e4e8
RIP=0x00007fffc3913004, EFLAGS=0x0000000000010202

XMM[0]=0x0000000000000000 0x0000000000000000
XMM[1]=0x0000000000000000 0x0000000000000000
XMM[2]=0x0000000000000000 0x0000000000000000
XMM[3]=0x0000000000000000 0x0000000000000000
XMM[4]=0x0000000000000000 0x0000000000000000
XMM[5]=0x0000000000000000 0x0000000000000000
XMM[6]=0x0000000000000000 0x0000000000000000
XMM[7]=0x0000000000000000 0x0000000000000000
XMM[8]=0x0000000000000000 0x0000000000000000
XMM[9]=0x0000000000000000 0x0000000000000000
XMM[10]=0x0000000000000000 0x0000000000000000
XMM[11]=0x0000000000000000 0x0000000000000000
XMM[12]=0x0000000000000000 0x0000000000000000
XMM[13]=0x0000000000000000 0x0000000000000000
XMM[14]=0x0000000000000000 0x0000000000000000
XMM[15]=0x0000000000000000 0x0000000000000000
  MXCSR=0x00001fa0


Register to memory mapping:

RAX=0x0000000000000010 is an unknown value
RBX=0x0 is null
RCX=0xffffffffffffffff is an unknown value
RDX=0x007fffb612300010 is an unknown value
RSP=0x0000000d462ff020 is pointing into the stack for thread: 0x0000016d5cb6e120
RBP=0x0000016da6de0c30 points into unknown readable memory: 0x000000062a000000 | 00 00 00 2a 06 00 00 00
RSI=0x0000000d462ff190 is pointing into the stack for thread: 0x0000016d5cb6e120
RDI=0x0000016da6de0c30 points into unknown readable memory: 0x000000062a000000 | 00 00 00 2a 06 00 00 00
R8 =0x0000000000000042 is an unknown value
R9 =0x000000062a000000 is an oop: java.lang.ref.Reference$ReferenceHandler 
{0x000000062a000000} - klass: 'java/lang/ref/Reference$ReferenceHandler' - flags: 

 - ---- fields (total size 14 words):
 - 'threadLocalRandomProbe' 'I' @12  0 (0x00000000)
 - private volatile 'eetop' 'J' @16  1569218523200 (0x0000016d5cb67040)
 - private final 'tid' 'J' @24  14 (0x000000000000000e)
 - 'threadLocalRandomSeed' 'J' @32  0 (0x0000000000000000)
 - injected 'jvmti_thread_state' 'J' @40  1570451185744 (0x0000016da62f6050)
 - 'threadLocalRandomSecondarySeed' 'I' @48  0 (0x00000000)
 - injected 'jvmti_VTMS_transition_disable_count' 'I' @52  0 (0x00000000)
 - injected 'jfr_epoch' 'S' @56  0 (0x0000)
 - volatile 'interrupted' 'Z' @58  false (0x00)
 - injected 'jvmti_is_in_VTMS_transition' 'Z' @59  false (0x00)
 - private volatile 'name' 'Ljava/lang/String;' @60  "Reference Handler"{0x00000007ffc0a468} (0xfff8148d)
 - private volatile 'contextClassLoader' 'Ljava/lang/ClassLoader;' @64  null (0x00000000)
 - private final 'holder' 'Ljava/lang/Thread$FieldHolder;' @68  a 'java/lang/Thread$FieldHolder'{0x0000000629c19180} (0xc5383230)
 - 'threadLocals' 'Ljava/lang/ThreadLocal$ThreadLocalMap;' @72  null (0x00000000)
 - 'inheritableThreadLocals' 'Ljava/lang/ThreadLocal$ThreadLocalMap;' @76  null (0x00000000)
 - private 'scopedValueBindings' 'Ljava/lang/Object;' @80  a 'java/lang/Class'{0x00000007ffc7c258} = 'java/lang/Thread' (0xfff8f84b)
 - final 'interruptLock' 'Ljava/lang/Object;' @84  a 'java/lang/Object'{0x0000000629c191a8} (0xc5383235)
 - private volatile 'parkBlocker' 'Ljava/lang/Object;' @88  null (0x00000000)
 - private 'nioBlocker' 'Lsun/nio/ch/Interruptible;' @92  null (0x00000000)
 - private 'cont' 'Ljdk/internal/vm/Continuation;' @96  null (0x00000000)
 - private volatile 'uncaughtExceptionHandler' 'Ljava/lang/Thread$UncaughtExceptionHandler;' @100  null (0x00000000)
 - private 'container' 'Ljdk/internal/vm/ThreadContainer;' @104  null (0x00000000)
 - private volatile 'headStackableScopes' 'Ljdk/internal/vm/StackableScope;' @108  null (0x00000000)
R10=0x00007fffb6399fb0 jvm.dll
R11=0x0000000000000004 is an unknown value
R12=0x0000000d462ff190 is pointing into the stack for thread: 0x0000016d5cb6e120
R13=0x0000016da5fd7620 points into unknown readable memory: 0x00007fffb630a510 | 10 a5 30 b6 ff 7f 00 00
R14=0x0000016d5cb6e4e8 points into unknown readable memory: 0x00007fffb63017b0 | b0 17 30 b6 ff 7f 00 00
R15=0x0000016d5cb6e4e8 points into unknown readable memory: 0x00007fffb63017b0 | b0 17 30 b6 ff 7f 00 00

Top of Stack: (sp=0x0000000d462ff020)
0x0000000d462ff020:   0000000d462ff190 0000016da6de0c30   ../F....0...m...
0x0000000d462ff030:   0000000000000000 0000016d5cb6e870   ........p..\m...
0x0000000d462ff040:   0000000000000030 00007fffc39134db   0........4......
0x0000000d462ff050:   0000000000000000 0000016d5cb6e4e8   ...........\m...
0x0000000d462ff060:   0000000d462ff101 0000000000000000   ../F............
0x0000000d462ff070:   0000016da5cdf950 00007fffc3912134   P...m...4!......
0x0000000d462ff080:   0000000000000000 0000000000000030   ........0.......
0x0000000d462ff090:   0000000000000000 0000000000000030   ........0.......
0x0000000d462ff0a0:   0000001400000002 0000016da71225e0   .........%..m...
0x0000000d462ff0b0:   0000016da5cdf950 0000016da5cdfa10   P...m.......m...
0x0000000d462ff0c0:   0000016da5cdfa4c 0000000000007404   L...m....t......
0x0000000d462ff0d0:   0000000000000000 0000000000000000   ................
0x0000000d462ff0e0:   0000000000000000 00007fffb5b657d4   .........W......
0x0000000d462ff0f0:   00007fffc3a6ae00 00000000000026d4   .........&......
0x0000000d462ff100:   00007fffc3a6ae00 00000000ffffffff   ................
0x0000000d462ff110:   0000000000000000 00007fffc39129aa   .........)......
0x0000000d462ff120:   0000016d5cb6e4e8 0000000000000000   ...\m...........
0x0000000d462ff130:   0000000d462ff199 0000016da5fd7620   ../F.... v..m...
0x0000000d462ff140:   0000000000000004 0000000000000048   ........H.......
0x0000000d462ff150:   0000000800800310 0000000000000020   ........ .......
0x0000000d462ff160:   0000016d5cb6e4e8 00007fffc3a6ae00   ...\m...........
0x0000000d462ff170:   0000016d3aed7820 0000016da62f6050    x.:m...P`/.m...
0x0000000d462ff180:   0000000800800390 0000016d5cb6e4e8   ...........\m...
0x0000000d462ff190:   0000016da6201340 0000016da6201940   @. .m...@. .m...
0x0000000d462ff1a0:   0000016da6201940 00007fffc3a6ae00   @. .m...........
0x0000000d462ff1b0:   0000016da571e0f8 0000000d462ff328   ..q.m...(./F....
0x0000000d462ff1c0:   0000000d462ff460 0000000000008840   `./F....@.......
0x0000000d462ff1d0:   0000000d462ff640 00007fffc3a6ae50   @./F....P.......
0x0000000d462ff1e0:   0000000000989680 0000000000989680   ................
0x0000000d462ff1f0:   0000000d462ff300 00007fffc390d561   ../F....a.......
0x0000000d462ff200:   00007fffc3a6ae00 00007fffc3a6ae58   ........X.......
0x0000000d462ff210:   00007fff00000000 00007fff00000001   ................

Instructions: (pc=0x00007fffc3913004)
  0x00007fffc3912f04:   cc cc cc cc cc cc cc cc cc cc cc cc cc cc cc cc
  0x00007fffc3912f14:   cc cc cc cc cc cc cc cc cc cc cc cc cc cc cc cc
  0x00007fffc3912f24:   cc cc cc cc cc cc cc cc cc cc cc cc cc cc cc cc
  0x00007fffc3912f34:   cc cc cc cc cc cc cc cc cc cc cc cc cc cc cc cc
  0x00007fffc3912f44:   cc cc cc cc cc cc cc cc cc cc cc cc cc cc cc cc
  0x00007fffc3912f54:   cc cc cc cc cc cc cc cc cc cc cc cc cc cc cc cc
  0x00007fffc3912f64:   cc cc cc cc cc cc cc cc cc cc cc cc cc cc cc cc
  0x00007fffc3912f74:   cc cc cc cc cc cc cc cc cc cc cc cc cc cc cc cc
  0x00007fffc3912f84:   cc cc cc cc cc cc cc cc cc cc cc cc 40 57 48 83
  0x00007fffc3912f94:   ec 20 48 8b f9 48 8b 0d 30 80 15 00 48 85 c9 74
  0x00007fffc3912fa4:   20 48 8b 01 48 8d 54 24 38 41 b8 06 00 01 00 4c
  0x00007fffc3912fb4:   8b 48 30 41 ff d1 85 c0 75 07 48 8b 4c 24 38 eb
  0x00007fffc3912fc4:   02 33 c9 4c 8b 05 0a 81 15 00 48 89 5c 24 30 4d
  0x00007fffc3912fd4:   85 c0 74 4a 48 8b 01 48 8b d7 4c 8b 88 28 03 00
  0x00007fffc3912fe4:   00 41 ff d1 48 85 c0 74 35 48 63 0d b8 3d 15 00
  0x00007fffc3912ff4:   48 8b 14 01 48 85 d2 74 15 48 63 05 bc 3d 15 00
=>0x00007fffc3913004:   8b 04 10 48 8b 5c 24 30 48 83 c4 20 5f c3 b8 ff
  0x00007fffc3913014:   ff ff ff 48 8b 5c 24 30 48 83 c4 20 5f c3 80 3d
  0x00007fffc3913024:   bb 7f 15 00 00 bb ff ff ff ff 74 20 4c 8b 0d 51
  0x00007fffc3913034:   7c 15 00 4c 8d 44 24 38 48 8b 0d 35 7c 15 00 48
  0x00007fffc3913044:   8b d7 41 ff d1 85 c0 0f 44 5c 24 38 8b c3 48 8b
  0x00007fffc3913054:   5c 24 30 48 83 c4 20 5f c3 cc cc cc cc cc cc cc
  0x00007fffc3913064:   cc cc cc cc cc cc cc cc cc cc cc cc cc cc cc cc
  0x00007fffc3913074:   cc cc cc cc cc cc cc cc cc cc cc cc cc cc cc cc
  0x00007fffc3913084:   cc cc cc cc cc cc cc cc cc cc cc cc 48 89 54 24
  0x00007fffc3913094:   10 53 55 56 57 41 56 41 57 48 83 ec 28 48 8b f2
  0x00007fffc39130a4:   4c 8b f1 48 89 4c 24 78 45 33 ff 44 89 7c 24 68
  0x00007fffc39130b4:   c7 44 24 60 01 00 00 00 48 8d 4c 24 68 e8 69 3c
  0x00007fffc39130c4:   f7 ff 8b d8 48 8d 4c 24 60 e8 5d 3c f7 ff 8b e8
  0x00007fffc39130d4:   49 8b ce e8 33 f3 f6 ff 48 8b f8 90 8b c3 f0 0f
  0x00007fffc39130e4:   b1 2f 74 04 f3 90 eb f4 4c 89 3e 4c 89 7e 08 4c
  0x00007fffc39130f4:   89 7e 10 49 8b 6e 08 4d 8b 76 10 49 3b ee 0f 84


Stack slot to memory mapping:

stack at sp + 0 slots: 0x0000000d462ff190 is pointing into the stack for thread: 0x0000016d5cb6e120
stack at sp + 1 slots: 0x0000016da6de0c30 points into unknown readable memory: 0x000000062a000000 | 00 00 00 2a 06 00 00 00
stack at sp + 2 slots: 0x0 is null
stack at sp + 3 slots: 0x0000016d5cb6e870 points into unknown readable memory: 0x6e616c2e6176616a | 6a 61 76 61 2e 6c 61 6e
stack at sp + 4 slots: 0x0000000000000030 is an unknown value
stack at sp + 5 slots: 0x00007fffc39134db libasyncProfiler.dll
stack at sp + 6 slots: 0x0 is null
stack at sp + 7 slots: 0x0000016d5cb6e4e8 points into unknown readable memory: 0x00007fffb63017b0 | b0 17 30 b6 ff 7f 00 00

Lock stack of current Java thread (top to bottom):


---------------  P R O C E S S  ---------------

Threads class SMR info:
_java_thread_list=0x0000016da6ec4430, length=26, elements={
0x0000016d5cb67040, 0x0000016d5cb67980, 0x0000016d5cb6d5f0, 0x0000016d5cb6e120,
0x0000016d5f640c00, 0x0000016d5f6422a0, 0x0000016d5f64e800, 0x0000016d5f651390,
0x0000016d5f856240, 0x0000016da506d760, 0x0000016da506e2b0, 0x0000016da52130b0,
0x0000016da598b300, 0x0000016da597bf20, 0x0000016da5a3afe0, 0x0000016da59c87e0,
0x0000016da5b07540, 0x0000016da5b86b30, 0x0000016da6f780c0, 0x0000016da6f796b0,
0x0000016da6f76ad0, 0x0000016da6f78f60, 0x0000016da6f76380, 0x0000016da6094290,
0x0000016da6198020, 0x0000016da6f79e00
}

Java Threads: ( => current thread )
  0x0000016d5cb67040 JavaThread "Reference Handler"          daemon [_thread_blocked, id=23120, stack(0x0000000d45f00000,0x0000000d46000000) (1024K)]
  0x0000016d5cb67980 JavaThread "Finalizer"                  daemon [_thread_blocked, id=25996, stack(0x0000000d46000000,0x0000000d46100000) (1024K)]
  0x0000016d5cb6d5f0 JavaThread "Signal Dispatcher"          daemon [_thread_blocked, id=26912, stack(0x0000000d46100000,0x0000000d46200000) (1024K)]
=>0x0000016d5cb6e120 JavaThread "Attach Listener"            daemon [_thread_in_native, id=8808, stack(0x0000000d46200000,0x0000000d46300000) (1024K)]
  0x0000016d5f640c00 JavaThread "Service Thread"             daemon [_thread_blocked, id=15488, stack(0x0000000d46300000,0x0000000d46400000) (1024K)]
  0x0000016d5f6422a0 JavaThread "Monitor Deflation Thread"   daemon [_thread_blocked, id=7120, stack(0x0000000d46400000,0x0000000d46500000) (1024K)]
  0x0000016d5f64e800 JavaThread "C2 CompilerThread0"         daemon [_thread_blocked, id=24620, stack(0x0000000d46500000,0x0000000d46600000) (1024K)]
  0x0000016d5f651390 JavaThread "C1 CompilerThread0"         daemon [_thread_blocked, id=14548, stack(0x0000000d46600000,0x0000000d46700000) (1024K)]
  0x0000016d5f856240 JavaThread "Common-Cleaner"             daemon [_thread_blocked, id=20852, stack(0x0000000d46700000,0x0000000d46800000) (1024K)]
  0x0000016da506d760 JavaThread "Monitor Ctrl-Break"         daemon [_thread_in_native, id=10320, stack(0x0000000d46900000,0x0000000d46a00000) (1024K)]
  0x0000016da506e2b0 JavaThread "Notification Thread"        daemon [_thread_blocked, id=25084, stack(0x0000000d46a00000,0x0000000d46b00000) (1024K)]
  0x0000016da52130b0 JavaThread "AMQP Connection 127.0.0.1:5672"        [_thread_in_native, id=26712, stack(0x0000000d46c00000,0x0000000d46d00000) (1024K)]
  0x0000016da598b300 JavaThread "pool-1-thread-2"                   [_thread_blocked, id=10304, stack(0x0000000d46e00000,0x0000000d46f00000) (1024K)]
  0x0000016da597bf20 JavaThread "RMI TCP Accept-0"           daemon [_thread_in_native, id=29668, stack(0x0000000d46f00000,0x0000000d47000000) (1024K)]
  0x0000016da5a3afe0 JavaThread "RMI TCP Connection(1)-172.31.176.1" daemon [_thread_in_native, id=17268, stack(0x0000000d47000000,0x0000000d47100000) (1024K)]
  0x0000016da59c87e0 JavaThread "RMI Scheduler(0)"           daemon [_thread_blocked, id=9340, stack(0x0000000d47100000,0x0000000d47200000) (1024K)]
  0x0000016da5b07540 JavaThread "JMX server connection timeout 33" daemon [_thread_blocked, id=8212, stack(0x0000000d47200000,0x0000000d47300000) (1024K)]
  0x0000016da5b86b30 JavaThread "PostgreSQL-JDBC-Cleaner"    daemon [_thread_blocked, id=9988, stack(0x0000000d47300000,0x0000000d47400000) (1024K)]
  0x0000016da6f780c0 JavaThread "pool-1-thread-3"                   [_thread_blocked, id=14568, stack(0x0000000d47400000,0x0000000d47500000) (1024K)]
  0x0000016da6f796b0 JavaThread "DestroyJavaVM"                     [_thread_blocked, id=16484, stack(0x0000000d45700000,0x0000000d45800000) (1024K)]
  0x0000016da6f76ad0 JavaThread "pool-1-thread-4"                   [_thread_blocked, id=2732, stack(0x0000000d47500000,0x0000000d47600000) (1024K)]
  0x0000016da6f78f60 JavaThread "pool-1-thread-5"                   [_thread_blocked, id=7296, stack(0x0000000d47600000,0x0000000d47700000) (1024K)]
  0x0000016da6f76380 JavaThread "JFR Recorder Thread"        daemon [_thread_in_native, id=27156, stack(0x0000000d46d00000,0x0000000d46e00000) (1024K)]
  0x0000016da6094290 JavaThread "C2 CompilerThread1"         daemon [_thread_blocked, id=26236, stack(0x0000000d48000000,0x0000000d48100000) (1024K)]
  0x0000016da6198020 JavaThread "C2 CompilerThread2"         daemon [_thread_blocked, id=29872, stack(0x0000000d48100000,0x0000000d48200000) (1024K)]
  0x0000016da6f79e00 JavaThread "JFR Periodic Tasks"         daemon [_thread_blocked, id=29700, stack(0x0000000d48200000,0x0000000d48300000) (1024K)]
Total: 26

Other Threads:
  0x0000016d5cb570d0 VMThread "VM Thread"                           [id=26704, stack(0x0000000d45e00000,0x0000000d45f00000) (1024K)]
  0x0000016d5ca26860 WatcherThread "VM Periodic Task Thread"        [id=18964, stack(0x0000000d45d00000,0x0000000d45e00000) (1024K)]
  0x0000016d3aea81f0 WorkerThread "GC Thread#0"                     [id=24584, stack(0x0000000d45800000,0x0000000d45900000) (1024K)]
  0x0000016da6382fd0 WorkerThread "GC Thread#1"                     [id=22288, stack(0x0000000d47700000,0x0000000d47800000) (1024K)]
  0x0000016da6382c20 WorkerThread "GC Thread#2"                     [id=6016, stack(0x0000000d47800000,0x0000000d47900000) (1024K)]
  0x0000016da6383730 WorkerThread "GC Thread#3"                     [id=29124, stack(0x0000000d47900000,0x0000000d47a00000) (1024K)]
  0x0000016da6381d60 WorkerThread "GC Thread#4"                     [id=3468, stack(0x0000000d47a00000,0x0000000d47b00000) (1024K)]
  0x0000016da6382110 WorkerThread "GC Thread#5"                     [id=12196, stack(0x0000000d47b00000,0x0000000d47c00000) (1024K)]
  0x0000016da63824c0 WorkerThread "GC Thread#6"                     [id=13388, stack(0x0000000d47c00000,0x0000000d47d00000) (1024K)]
  0x0000016da6e176c0 WorkerThread "GC Thread#7"                     [id=5436, stack(0x0000000d47d00000,0x0000000d47e00000) (1024K)]
  0x0000016da6e19090 WorkerThread "GC Thread#8"                     [id=11552, stack(0x0000000d47e00000,0x0000000d47f00000) (1024K)]
  0x0000016da6e17310 WorkerThread "GC Thread#9"                     [id=17212, stack(0x0000000d47f00000,0x0000000d48000000) (1024K)]
  0x0000016d3aebd300 ConcurrentGCThread "G1 Main Marker"            [id=17772, stack(0x0000000d45900000,0x0000000d45a00000) (1024K)]
  0x0000016d3aebdc20 WorkerThread "G1 Conc#0"                       [id=18440, stack(0x0000000d45a00000,0x0000000d45b00000) (1024K)]
  0x0000016d5ca19390 ConcurrentGCThread "G1 Refine#0"               [id=25380, stack(0x0000000d45b00000,0x0000000d45c00000) (1024K)]
  0x0000016d5ca19e20 ConcurrentGCThread "G1 Service"                [id=15136, stack(0x0000000d45c00000,0x0000000d45d00000) (1024K)]
Total: 16

Threads with active compile tasks:
Total: 0

VM state: not at safepoint (normal execution)

VM Mutex/Monitor currently owned by a thread: None

Heap address: 0x000000060e000000, size: 7968 MB, Compressed Oops mode: Zero based, Oop shift amount: 3

CDS archive(s) mapped at: [0x0000016d60000000-0x0000016d60d40000-0x0000016d60d40000), size 13893632, SharedBaseAddress: 0x0000016d60000000, ArchiveRelocationMode: 1.
Compressed class space mapped at: 0x0000016d61000000-0x0000016da1000000, reserved size: 1073741824
UseCompressedClassPointers 1, UseCompactObjectHeaders 0
Narrow klass pointer bits 32, Max shift 3
Narrow klass base: 0x0000016d60000000, Narrow klass shift: 0
Encoding Range: [0x0000016d60000000 - 0x0000016e60000000), (4294967296 bytes)
Klass Range:    [0x0000016d60000000 - 0x0000016da1000000), (1090519040 bytes)
Klass ID Range:  [8 - 1090519033) (1090519025)

GC Precious Log:
 CardTable entry size: 512
 Card Set container configuration: InlinePtr #cards 4 size 8 Array Of Cards #cards 32 size 80 Howl #buckets 8 coarsen threshold 7372 Howl Bitmap #cards 1024 size 144 coarsen threshold 921 Card regions per heap region 1 cards per card region 8192
 CPUs: 12 total, 12 available
 Memory: 31860M
 Large Page Support: Disabled
 NUMA Support: Disabled
 Compressed Oops: Enabled (Zero based)
 Heap Region Size: 4M
 Heap Min Capacity: 8M
 Heap Initial Capacity: 500M
 Heap Max Capacity: 7968M
 Pre-touch: Disabled
 Parallel Workers: 10
 Concurrent Workers: 3
 Concurrent Refinement Workers: 10
 Periodic GC: Disabled

Heap:
 garbage-first heap   total reserved 8159232K, committed 516096K, used 23995K [0x000000060e000000, 0x0000000800000000)
  region size 4096K, 7 young (28672K), 2 survivors (8192K)
 Metaspace       used 16370K, committed 16768K, reserved 1114112K
  class space    used 1487K, committed 1664K, reserved 1048576K

Heap Regions: E=young(eden), S=young(survivor), O=old, HS=humongous(starts), HC=humongous(continues), CS=collection set, F=free, TAMS=top-at-mark-start, PB=parsable bottom
|   0|0x000000060e000000, 0x000000060e000000, 0x000000060e400000|  0%| F|  |TAMS 0x000000060e000000| PB 0x000000060e000000| Untracked |  0
|   1|0x000000060e400000, 0x000000060e400000, 0x000000060e800000|  0%| F|  |TAMS 0x000000060e400000| PB 0x000000060e400000| Untracked |  0
|   2|0x000000060e800000, 0x000000060e800000, 0x000000060ec00000|  0%| F|  |TAMS 0x000000060e800000| PB 0x000000060e800000| Untracked |  0
|   3|0x000000060ec00000, 0x000000060ec00000, 0x000000060f000000|  0%| F|  |TAMS 0x000000060ec00000| PB 0x000000060ec00000| Untracked |  0
|   4|0x000000060f000000, 0x000000060f000000, 0x000000060f400000|  0%| F|  |TAMS 0x000000060f000000| PB 0x000000060f000000| Untracked |  0
|   5|0x000000060f400000, 0x000000060f400000, 0x000000060f800000|  0%| F|  |TAMS 0x000000060f400000| PB 0x000000060f400000| Untracked |  0
|   6|0x000000060f800000, 0x000000060f800000, 0x000000060fc00000|  0%| F|  |TAMS 0x000000060f800000| PB 0x000000060f800000| Untracked |  0
|   7|0x000000060fc00000, 0x000000060fc00000, 0x0000000610000000|  0%| F|  |TAMS 0x000000060fc00000| PB 0x000000060fc00000| Untracked |  0
|   8|0x0000000610000000, 0x0000000610000000, 0x0000000610400000|  0%| F|  |TAMS 0x0000000610000000| PB 0x0000000610000000| Untracked |  0
|   9|0x0000000610400000, 0x0000000610400000, 0x0000000610800000|  0%| F|  |TAMS 0x0000000610400000| PB 0x0000000610400000| Untracked |  0
|  10|0x0000000610800000, 0x0000000610800000, 0x0000000610c00000|  0%| F|  |TAMS 0x0000000610800000| PB 0x0000000610800000| Untracked |  0
|  11|0x0000000610c00000, 0x0000000610c00000, 0x0000000611000000|  0%| F|  |TAMS 0x0000000610c00000| PB 0x0000000610c00000| Untracked |  0
|  12|0x0000000611000000, 0x0000000611000000, 0x0000000611400000|  0%| F|  |TAMS 0x0000000611000000| PB 0x0000000611000000| Untracked |  0
|  13|0x0000000611400000, 0x0000000611400000, 0x0000000611800000|  0%| F|  |TAMS 0x0000000611400000| PB 0x0000000611400000| Untracked |  0
|  14|0x0000000611800000, 0x0000000611800000, 0x0000000611c00000|  0%| F|  |TAMS 0x0000000611800000| PB 0x0000000611800000| Untracked |  0
|  15|0x0000000611c00000, 0x0000000611c00000, 0x0000000612000000|  0%| F|  |TAMS 0x0000000611c00000| PB 0x0000000611c00000| Untracked |  0
|  16|0x0000000612000000, 0x0000000612000000, 0x0000000612400000|  0%| F|  |TAMS 0x0000000612000000| PB 0x0000000612000000| Untracked |  0
|  17|0x0000000612400000, 0x0000000612400000, 0x0000000612800000|  0%| F|  |TAMS 0x0000000612400000| PB 0x0000000612400000| Untracked |  0
|  18|0x0000000612800000, 0x0000000612800000, 0x0000000612c00000|  0%| F|  |TAMS 0x0000000612800000| PB 0x0000000612800000| Untracked |  0
|  19|0x0000000612c00000, 0x0000000612c00000, 0x0000000613000000|  0%| F|  |TAMS 0x0000000612c00000| PB 0x0000000612c00000| Untracked |  0
|  20|0x0000000613000000, 0x0000000613000000, 0x0000000613400000|  0%| F|  |TAMS 0x0000000613000000| PB 0x0000000613000000| Untracked |  0
|  21|0x0000000613400000, 0x0000000613400000, 0x0000000613800000|  0%| F|  |TAMS 0x0000000613400000| PB 0x0000000613400000| Untracked |  0
|  22|0x0000000613800000, 0x0000000613800000, 0x0000000613c00000|  0%| F|  |TAMS 0x0000000613800000| PB 0x0000000613800000| Untracked |  0
|  23|0x0000000613c00000, 0x0000000613c00000, 0x0000000614000000|  0%| F|  |TAMS 0x0000000613c00000| PB 0x0000000613c00000| Untracked |  0
|  24|0x0000000614000000, 0x0000000614000000, 0x0000000614400000|  0%| F|  |TAMS 0x0000000614000000| PB 0x0000000614000000| Untracked |  0
|  25|0x0000000614400000, 0x0000000614400000, 0x0000000614800000|  0%| F|  |TAMS 0x0000000614400000| PB 0x0000000614400000| Untracked |  0
|  26|0x0000000614800000, 0x0000000614800000, 0x0000000614c00000|  0%| F|  |TAMS 0x0000000614800000| PB 0x0000000614800000| Untracked |  0
|  27|0x0000000614c00000, 0x0000000614c00000, 0x0000000615000000|  0%| F|  |TAMS 0x0000000614c00000| PB 0x0000000614c00000| Untracked |  0
|  28|0x0000000615000000, 0x0000000615000000, 0x0000000615400000|  0%| F|  |TAMS 0x0000000615000000| PB 0x0000000615000000| Untracked |  0
|  29|0x0000000615400000, 0x0000000615400000, 0x0000000615800000|  0%| F|  |TAMS 0x0000000615400000| PB 0x0000000615400000| Untracked |  0
|  30|0x0000000615800000, 0x0000000615800000, 0x0000000615c00000|  0%| F|  |TAMS 0x0000000615800000| PB 0x0000000615800000| Untracked |  0
|  31|0x0000000615c00000, 0x0000000615c00000, 0x0000000616000000|  0%| F|  |TAMS 0x0000000615c00000| PB 0x0000000615c00000| Untracked |  0
|  32|0x0000000616000000, 0x0000000616000000, 0x0000000616400000|  0%| F|  |TAMS 0x0000000616000000| PB 0x0000000616000000| Untracked |  0
|  33|0x0000000616400000, 0x0000000616400000, 0x0000000616800000|  0%| F|  |TAMS 0x0000000616400000| PB 0x0000000616400000| Untracked |  0
|  34|0x0000000616800000, 0x0000000616800000, 0x0000000616c00000|  0%| F|  |TAMS 0x0000000616800000| PB 0x0000000616800000| Untracked |  0
|  35|0x0000000616c00000, 0x0000000616c00000, 0x0000000617000000|  0%| F|  |TAMS 0x0000000616c00000| PB 0x0000000616c00000| Untracked |  0
|  36|0x0000000617000000, 0x0000000617000000, 0x0000000617400000|  0%| F|  |TAMS 0x0000000617000000| PB 0x0000000617000000| Untracked |  0
|  37|0x0000000617400000, 0x0000000617400000, 0x0000000617800000|  0%| F|  |TAMS 0x0000000617400000| PB 0x0000000617400000| Untracked |  0
|  38|0x0000000617800000, 0x0000000617800000, 0x0000000617c00000|  0%| F|  |TAMS 0x0000000617800000| PB 0x0000000617800000| Untracked |  0
|  39|0x0000000617c00000, 0x0000000617c00000, 0x0000000618000000|  0%| F|  |TAMS 0x0000000617c00000| PB 0x0000000617c00000| Untracked |  0
|  40|0x0000000618000000, 0x0000000618000000, 0x0000000618400000|  0%| F|  |TAMS 0x0000000618000000| PB 0x0000000618000000| Untracked |  0
|  41|0x0000000618400000, 0x0000000618400000, 0x0000000618800000|  0%| F|  |TAMS 0x0000000618400000| PB 0x0000000618400000| Untracked |  0
|  42|0x0000000618800000, 0x0000000618800000, 0x0000000618c00000|  0%| F|  |TAMS 0x0000000618800000| PB 0x0000000618800000| Untracked |  0
|  43|0x0000000618c00000, 0x0000000618c00000, 0x0000000619000000|  0%| F|  |TAMS 0x0000000618c00000| PB 0x0000000618c00000| Untracked |  0
|  44|0x0000000619000000, 0x0000000619000000, 0x0000000619400000|  0%| F|  |TAMS 0x0000000619000000| PB 0x0000000619000000| Untracked |  0
|  45|0x0000000619400000, 0x0000000619400000, 0x0000000619800000|  0%| F|  |TAMS 0x0000000619400000| PB 0x0000000619400000| Untracked |  0
|  46|0x0000000619800000, 0x0000000619800000, 0x0000000619c00000|  0%| F|  |TAMS 0x0000000619800000| PB 0x0000000619800000| Untracked |  0
|  47|0x0000000619c00000, 0x0000000619c00000, 0x000000061a000000|  0%| F|  |TAMS 0x0000000619c00000| PB 0x0000000619c00000| Untracked |  0
|  48|0x000000061a000000, 0x000000061a000000, 0x000000061a400000|  0%| F|  |TAMS 0x000000061a000000| PB 0x000000061a000000| Untracked |  0
|  49|0x000000061a400000, 0x000000061a400000, 0x000000061a800000|  0%| F|  |TAMS 0x000000061a400000| PB 0x000000061a400000| Untracked |  0
|  50|0x000000061a800000, 0x000000061a800000, 0x000000061ac00000|  0%| F|  |TAMS 0x000000061a800000| PB 0x000000061a800000| Untracked |  0
|  51|0x000000061ac00000, 0x000000061ac00000, 0x000000061b000000|  0%| F|  |TAMS 0x000000061ac00000| PB 0x000000061ac00000| Untracked |  0
|  52|0x000000061b000000, 0x000000061b000000, 0x000000061b400000|  0%| F|  |TAMS 0x000000061b000000| PB 0x000000061b000000| Untracked |  0
|  53|0x000000061b400000, 0x000000061b400000, 0x000000061b800000|  0%| F|  |TAMS 0x000000061b400000| PB 0x000000061b400000| Untracked |  0
|  54|0x000000061b800000, 0x000000061b800000, 0x000000061bc00000|  0%| F|  |TAMS 0x000000061b800000| PB 0x000000061b800000| Untracked |  0
|  55|0x000000061bc00000, 0x000000061bc00000, 0x000000061c000000|  0%| F|  |TAMS 0x000000061bc00000| PB 0x000000061bc00000| Untracked |  0
|  56|0x000000061c000000, 0x000000061c000000, 0x000000061c400000|  0%| F|  |TAMS 0x000000061c000000| PB 0x000000061c000000| Untracked |  0
|  57|0x000000061c400000, 0x000000061c400000, 0x000000061c800000|  0%| F|  |TAMS 0x000000061c400000| PB 0x000000061c400000| Untracked |  0
|  58|0x000000061c800000, 0x000000061c800000, 0x000000061cc00000|  0%| F|  |TAMS 0x000000061c800000| PB 0x000000061c800000| Untracked |  0
|  59|0x000000061cc00000, 0x000000061cc00000, 0x000000061d000000|  0%| F|  |TAMS 0x000000061cc00000| PB 0x000000061cc00000| Untracked |  0
|  60|0x000000061d000000, 0x000000061d000000, 0x000000061d400000|  0%| F|  |TAMS 0x000000061d000000| PB 0x000000061d000000| Untracked |  0
|  61|0x000000061d400000, 0x000000061d400000, 0x000000061d800000|  0%| F|  |TAMS 0x000000061d400000| PB 0x000000061d400000| Untracked |  0
|  62|0x000000061d800000, 0x000000061d800000, 0x000000061dc00000|  0%| F|  |TAMS 0x000000061d800000| PB 0x000000061d800000| Untracked |  0
|  63|0x000000061dc00000, 0x000000061dc00000, 0x000000061e000000|  0%| F|  |TAMS 0x000000061dc00000| PB 0x000000061dc00000| Untracked |  0
|  64|0x000000061e000000, 0x000000061e000000, 0x000000061e400000|  0%| F|  |TAMS 0x000000061e000000| PB 0x000000061e000000| Untracked |  0
|  65|0x000000061e400000, 0x000000061e400000, 0x000000061e800000|  0%| F|  |TAMS 0x000000061e400000| PB 0x000000061e400000| Untracked |  0
|  66|0x000000061e800000, 0x000000061e800000, 0x000000061ec00000|  0%| F|  |TAMS 0x000000061e800000| PB 0x000000061e800000| Untracked |  0
|  67|0x000000061ec00000, 0x000000061ec00000, 0x000000061f000000|  0%| F|  |TAMS 0x000000061ec00000| PB 0x000000061ec00000| Untracked |  0
|  68|0x000000061f000000, 0x000000061f000000, 0x000000061f400000|  0%| F|  |TAMS 0x000000061f000000| PB 0x000000061f000000| Untracked |  0
|  69|0x000000061f400000, 0x000000061f400000, 0x000000061f800000|  0%| F|  |TAMS 0x000000061f400000| PB 0x000000061f400000| Untracked |  0
|  70|0x000000061f800000, 0x000000061f800000, 0x000000061fc00000|  0%| F|  |TAMS 0x000000061f800000| PB 0x000000061f800000| Untracked |  0
|  71|0x000000061fc00000, 0x000000061fc00000, 0x0000000620000000|  0%| F|  |TAMS 0x000000061fc00000| PB 0x000000061fc00000| Untracked |  0
|  72|0x0000000620000000, 0x0000000620000000, 0x0000000620400000|  0%| F|  |TAMS 0x0000000620000000| PB 0x0000000620000000| Untracked |  0
|  73|0x0000000620400000, 0x0000000620400000, 0x0000000620800000|  0%| F|  |TAMS 0x0000000620400000| PB 0x0000000620400000| Untracked |  0
|  74|0x0000000620800000, 0x0000000620800000, 0x0000000620c00000|  0%| F|  |TAMS 0x0000000620800000| PB 0x0000000620800000| Untracked |  0
|  75|0x0000000620c00000, 0x0000000620c00000, 0x0000000621000000|  0%| F|  |TAMS 0x0000000620c00000| PB 0x0000000620c00000| Untracked |  0
|  76|0x0000000621000000, 0x0000000621000000, 0x0000000621400000|  0%| F|  |TAMS 0x0000000621000000| PB 0x0000000621000000| Untracked |  0
|  77|0x0000000621400000, 0x0000000621400000, 0x0000000621800000|  0%| F|  |TAMS 0x0000000621400000| PB 0x0000000621400000| Untracked |  0
|  78|0x0000000621800000, 0x0000000621800000, 0x0000000621c00000|  0%| F|  |TAMS 0x0000000621800000| PB 0x0000000621800000| Untracked |  0
|  79|0x0000000621c00000, 0x0000000621c00000, 0x0000000622000000|  0%| F|  |TAMS 0x0000000621c00000| PB 0x0000000621c00000| Untracked |  0
|  80|0x0000000622000000, 0x0000000622000000, 0x0000000622400000|  0%| F|  |TAMS 0x0000000622000000| PB 0x0000000622000000| Untracked |  0
|  81|0x0000000622400000, 0x0000000622400000, 0x0000000622800000|  0%| F|  |TAMS 0x0000000622400000| PB 0x0000000622400000| Untracked |  0
|  82|0x0000000622800000, 0x0000000622800000, 0x0000000622c00000|  0%| F|  |TAMS 0x0000000622800000| PB 0x0000000622800000| Untracked |  0
|  83|0x0000000622c00000, 0x0000000622c00000, 0x0000000623000000|  0%| F|  |TAMS 0x0000000622c00000| PB 0x0000000622c00000| Untracked |  0
|  84|0x0000000623000000, 0x0000000623000000, 0x0000000623400000|  0%| F|  |TAMS 0x0000000623000000| PB 0x0000000623000000| Untracked |  0
|  85|0x0000000623400000, 0x0000000623400000, 0x0000000623800000|  0%| F|  |TAMS 0x0000000623400000| PB 0x0000000623400000| Untracked |  0
|  86|0x0000000623800000, 0x0000000623800000, 0x0000000623c00000|  0%| F|  |TAMS 0x0000000623800000| PB 0x0000000623800000| Untracked |  0
|  87|0x0000000623c00000, 0x0000000623c00000, 0x0000000624000000|  0%| F|  |TAMS 0x0000000623c00000| PB 0x0000000623c00000| Untracked |  0
|  88|0x0000000624000000, 0x0000000624000000, 0x0000000624400000|  0%| F|  |TAMS 0x0000000624000000| PB 0x0000000624000000| Untracked |  0
|  89|0x0000000624400000, 0x0000000624400000, 0x0000000624800000|  0%| F|  |TAMS 0x0000000624400000| PB 0x0000000624400000| Untracked |  0
|  90|0x0000000624800000, 0x0000000624800000, 0x0000000624c00000|  0%| F|  |TAMS 0x0000000624800000| PB 0x0000000624800000| Untracked |  0
|  91|0x0000000624c00000, 0x0000000624c00000, 0x0000000625000000|  0%| F|  |TAMS 0x0000000624c00000| PB 0x0000000624c00000| Untracked |  0
|  92|0x0000000625000000, 0x0000000625000000, 0x0000000625400000|  0%| F|  |TAMS 0x0000000625000000| PB 0x0000000625000000| Untracked |  0
|  93|0x0000000625400000, 0x0000000625400000, 0x0000000625800000|  0%| F|  |TAMS 0x0000000625400000| PB 0x0000000625400000| Untracked |  0
|  94|0x0000000625800000, 0x0000000625800000, 0x0000000625c00000|  0%| F|  |TAMS 0x0000000625800000| PB 0x0000000625800000| Untracked |  0
|  95|0x0000000625c00000, 0x0000000625c00000, 0x0000000626000000|  0%| F|  |TAMS 0x0000000625c00000| PB 0x0000000625c00000| Untracked |  0
|  96|0x0000000626000000, 0x0000000626000000, 0x0000000626400000|  0%| F|  |TAMS 0x0000000626000000| PB 0x0000000626000000| Untracked |  0
|  97|0x0000000626400000, 0x0000000626400000, 0x0000000626800000|  0%| F|  |TAMS 0x0000000626400000| PB 0x0000000626400000| Untracked |  0
|  98|0x0000000626800000, 0x0000000626800000, 0x0000000626c00000|  0%| F|  |TAMS 0x0000000626800000| PB 0x0000000626800000| Untracked |  0
|  99|0x0000000626c00000, 0x0000000626c00000, 0x0000000627000000|  0%| F|  |TAMS 0x0000000626c00000| PB 0x0000000626c00000| Untracked |  0
| 100|0x0000000627000000, 0x0000000627000000, 0x0000000627400000|  0%| F|  |TAMS 0x0000000627000000| PB 0x0000000627000000| Untracked |  0
| 101|0x0000000627400000, 0x0000000627400000, 0x0000000627800000|  0%| F|  |TAMS 0x0000000627400000| PB 0x0000000627400000| Untracked |  0
| 102|0x0000000627800000, 0x0000000627800000, 0x0000000627c00000|  0%| F|  |TAMS 0x0000000627800000| PB 0x0000000627800000| Untracked |  0
| 103|0x0000000627c00000, 0x0000000627c00000, 0x0000000628000000|  0%| F|  |TAMS 0x0000000627c00000| PB 0x0000000627c00000| Untracked |  0
| 104|0x0000000628000000, 0x0000000628000000, 0x0000000628400000|  0%| F|  |TAMS 0x0000000628000000| PB 0x0000000628000000| Untracked |  0
| 105|0x0000000628400000, 0x0000000628400000, 0x0000000628800000|  0%| F|  |TAMS 0x0000000628400000| PB 0x0000000628400000| Untracked |  0
| 106|0x0000000628800000, 0x0000000628800000, 0x0000000628c00000|  0%| F|  |TAMS 0x0000000628800000| PB 0x0000000628800000| Untracked |  0
| 107|0x0000000628c00000, 0x0000000628c00000, 0x0000000629000000|  0%| F|  |TAMS 0x0000000628c00000| PB 0x0000000628c00000| Untracked |  0
| 108|0x0000000629000000, 0x0000000629000000, 0x0000000629400000|  0%| F|  |TAMS 0x0000000629000000| PB 0x0000000629000000| Untracked |  0
| 109|0x0000000629400000, 0x0000000629400000, 0x0000000629800000|  0%| F|  |TAMS 0x0000000629400000| PB 0x0000000629400000| Untracked |  0
| 110|0x0000000629800000, 0x0000000629800000, 0x0000000629c00000|  0%| F|  |TAMS 0x0000000629800000| PB 0x0000000629800000| Untracked |  0
| 111|0x0000000629c00000, 0x0000000629e529a0, 0x000000062a000000| 58%| S|CS|TAMS 0x0000000629c00000| PB 0x0000000629c00000| Complete |  0
| 112|0x000000062a000000, 0x000000062a400000, 0x000000062a400000|100%| S|CS|TAMS 0x000000062a000000| PB 0x000000062a000000| Complete |  0
| 113|0x000000062a400000, 0x000000062a400000, 0x000000062a800000|  0%| F|  |TAMS 0x000000062a400000| PB 0x000000062a400000| Untracked |  0
| 114|0x000000062a800000, 0x000000062a800000, 0x000000062ac00000|  0%| F|  |TAMS 0x000000062a800000| PB 0x000000062a800000| Untracked |  0
| 115|0x000000062ac00000, 0x000000062ac00000, 0x000000062b000000|  0%| F|  |TAMS 0x000000062ac00000| PB 0x000000062ac00000| Untracked |  0
| 116|0x000000062b000000, 0x000000062b000000, 0x000000062b400000|  0%| F|  |TAMS 0x000000062b000000| PB 0x000000062b000000| Untracked |  0
| 117|0x000000062b400000, 0x000000062b400000, 0x000000062b800000|  0%| F|  |TAMS 0x000000062b400000| PB 0x000000062b400000| Untracked |  0
| 118|0x000000062b800000, 0x000000062b800000, 0x000000062bc00000|  0%| F|  |TAMS 0x000000062b800000| PB 0x000000062b800000| Untracked |  0
| 119|0x000000062bc00000, 0x000000062bc00000, 0x000000062c000000|  0%| F|  |TAMS 0x000000062bc00000| PB 0x000000062bc00000| Untracked |  0
| 120|0x000000062c000000, 0x000000062c0eee60, 0x000000062c400000| 23%| E|  |TAMS 0x000000062c000000| PB 0x000000062c000000| Complete |  0
| 121|0x000000062c400000, 0x000000062c800000, 0x000000062c800000|100%| E|CS|TAMS 0x000000062c400000| PB 0x000000062c400000| Complete |  0
| 122|0x000000062c800000, 0x000000062cc00000, 0x000000062cc00000|100%| E|CS|TAMS 0x000000062c800000| PB 0x000000062c800000| Complete |  0
| 123|0x000000062cc00000, 0x000000062d000000, 0x000000062d000000|100%| E|CS|TAMS 0x000000062cc00000| PB 0x000000062cc00000| Complete |  0
| 124|0x000000062d000000, 0x000000062d400000, 0x000000062d400000|100%| E|CS|TAMS 0x000000062d000000| PB 0x000000062d000000| Complete |  0
|1991|0x00000007ffc00000, 0x00000007ffd1c288, 0x0000000800000000| 27%| O|  |TAMS 0x00000007ffc00000| PB 0x00000007ffc00000| Untracked |  0

Card table byte_map: [0x0000016d53cd0000,0x0000016d54c60000] _byte_map_base: 0x0000016d50c60000

Marking Bits: (CMBitMap*) 0x0000016d3aea85b0
 Bits: [0x0000016d54c60000, 0x0000016d5c8e0000)

Polling page: 0x0000016d3a610000

Metaspace:

Usage:
  Non-class:     14.53 MB used.
      Class:      1.45 MB used.
       Both:     15.99 MB used.

Virtual space:
  Non-class space:       64.00 MB reserved,      14.75 MB ( 23%) committed,  1 nodes.
      Class space:        1.00 GB reserved,       1.62 MB ( <1%) committed,  1 nodes.
             Both:        1.06 GB reserved,      16.38 MB (  2%) committed. 

Chunk freelists:
   Non-Class:  895.00 KB
       Class:  14.37 MB
        Both:  15.24 MB

MaxMetaspaceSize: unlimited
CompressedClassSpaceSize: 1.00 GB
Initial GC threshold: 21.00 MB
Current GC threshold: 21.00 MB
CDS: on
 - commit_granule_bytes: 65536.
 - commit_granule_words: 8192.
 - virtual_space_node_default_size: 8388608.
 - enlarge_chunks_in_place: 1.
UseCompressedClassPointers 1, UseCompactObjectHeaders 0
Narrow klass pointer bits 32, Max shift 3
Narrow klass base: 0x0000016d60000000, Narrow klass shift: 0
Encoding Range: [0x0000016d60000000 - 0x0000016e60000000), (4294967296 bytes)
Klass Range:    [0x0000016d60000000 - 0x0000016da1000000), (1090519040 bytes)
Klass ID Range:  [8 - 1090519033) (1090519025)


Internal statistics:

num_allocs_failed_limit: 0.
num_arena_births: 240.
num_arena_deaths: 0.
num_vsnodes_births: 2.
num_vsnodes_deaths: 0.
num_space_committed: 262.
num_space_uncommitted: 0.
num_chunks_returned_to_freelist: 0.
num_chunks_taken_from_freelist: 633.
num_chunk_merges: 0.
num_chunk_splits: 396.
num_chunks_enlarged: 247.
num_inconsistent_stats: 0.

CodeHeap 'non-profiled nmethods': size=120064Kb used=967Kb max_used=967Kb free=119097Kb
 bounds [0x0000016d4b1a0000, 0x0000016d4b410000, 0x0000016d526e0000]
CodeHeap 'profiled nmethods': size=120000Kb used=4075Kb max_used=4075Kb free=115924Kb
 bounds [0x0000016d436e0000, 0x0000016d43ae0000, 0x0000016d4ac10000]
CodeHeap 'non-nmethods': size=5696Kb used=1537Kb max_used=1611Kb free=4158Kb
 bounds [0x0000016d4ac10000, 0x0000016d4ae80000, 0x0000016d4b1a0000]
CodeCache: size=245760Kb, used=6579Kb, max_used=6653Kb, free=239179Kb
 total_blobs=3246, nmethods=2677, adapters=474, full_count=0
Compilation: enabled, stopped_count=0, restarted_count=0

Compilation events (20 events):
Event: 32.777 Thread 0x0000016d5f64e800 nmethod 2650 0x0000016d4b28e208 code [0x0000016d4b28e4a0, 0x0000016d4b290068]
Event: 32.777 Thread 0x0000016d5f651390 2669       1       jdk.jfr.internal.EventControl::getSettingsId (5 bytes)
Event: 32.777 Thread 0x0000016da6198020 2651       4       java.util.LinkedHashMap::afterNodeInsertion (40 bytes)
Event: 32.778 Thread 0x0000016d5f651390 nmethod 2669 0x0000016d4b290188 code [0x0000016d4b290280, 0x0000016d4b290348]
Event: 32.778 Thread 0x0000016d5f651390 2670       1       jdk.jfr.internal.EventControl::getNamedControls (5 bytes)
Event: 32.778 Thread 0x0000016d5f64e800 2654       4       java.util.LinkedHashMap::linkNodeAtEnd (76 bytes)
Event: 32.778 Thread 0x0000016d5f651390 nmethod 2670 0x0000016d4b290488 code [0x0000016d4b290580, 0x0000016d4b290648]
Event: 32.778 Thread 0x0000016da6198020 nmethod 2651 0x0000016d4b290788 code [0x0000016d4b290880, 0x0000016d4b290938]
Event: 32.778 Thread 0x0000016d5f64e800 nmethod 2654 0x0000016d4b290a88 code [0x0000016d4b290ba0, 0x0000016d4b2910c8]
Event: 32.779 Thread 0x0000016da6094290 nmethod 2653 0x0000016d4b291108 code [0x0000016d4b291240, 0x0000016d4b2915c0]
Event: 32.780 Thread 0x0000016d5f651390 2673       1       jdk.jfr.internal.periodic.EventTask::getEventType (5 bytes)
Event: 32.780 Thread 0x0000016d5f651390 nmethod 2673 0x0000016d4b291608 code [0x0000016d4b291700, 0x0000016d4b2917c8]
Event: 32.780 Thread 0x0000016d5f651390 2674       1       jdk.jfr.internal.periodic.PeriodicTask::getPeriod (5 bytes)
Event: 32.780 Thread 0x0000016d5f651390 nmethod 2674 0x0000016d4b291908 code [0x0000016d4b291a00, 0x0000016d4b291ac8]
Event: 32.780 Thread 0x0000016d5f651390 2675       3       java.util.Comparator$$Lambda/0x0000016d61153f28::compare (10 bytes)
Event: 32.780 Thread 0x0000016d5f651390 nmethod 2675 0x0000016d43ad9d08 code [0x0000016d43ad9e60, 0x0000016d43ada2d8]
Event: 32.780 Thread 0x0000016d5f651390 2676       3       java.util.Comparator::lambda$comparingLong$6043328a$1 (18 bytes)
Event: 32.780 Thread 0x0000016d5f651390 nmethod 2676 0x0000016d43ada308 code [0x0000016d43ada460, 0x0000016d43ada840]
Event: 32.780 Thread 0x0000016d5f651390 2677       3       java.lang.invoke.MethodHandles$Lookup::makeHiddenClassDefiner (43 bytes)
Event: 32.780 Thread 0x0000016d5f651390 nmethod 2677 0x0000016d43ada888 code [0x0000016d43ada9e0, 0x0000016d43adae78]

GC Heap History (2 events):
Event: 0.507 GC heap before
{Heap before GC invocations=0 (full 0):
 garbage-first heap   total reserved 8159232K, committed 516096K, used 46192K [0x000000060e000000, 0x0000000800000000)
  region size 4096K, 12 young (49152K), 0 survivors (0K)
 Metaspace       used 14731K, committed 14976K, reserved 1114112K
  class space    used 1341K, committed 1472K, reserved 1048576K
}
Event: 0.510 GC heap after
{Heap after GC invocations=1 (full 0):
 garbage-first heap   total reserved 8159232K, committed 516096K, used 7611K [0x000000060e000000, 0x0000000800000000)
  region size 4096K, 2 young (8192K), 2 survivors (8192K)
 Metaspace       used 14731K, committed 14976K, reserved 1114112K
  class space    used 1341K, committed 1472K, reserved 1048576K
}

Dll operation events (12 events):
Event: 0.005 Loaded shared library C:\Users\danie\.jdks\openjdk-24.0.1\bin\java.dll
Event: 0.022 Loaded shared library C:\Users\danie\.jdks\openjdk-24.0.1\bin\jsvml.dll
Event: 0.053 Loaded shared library C:\Users\danie\.jdks\openjdk-24.0.1\bin\zip.dll
Event: 0.054 Loaded shared library C:\Users\danie\.jdks\openjdk-24.0.1\bin\instrument.dll
Event: 0.057 Loaded shared library C:\Users\danie\.jdks\openjdk-24.0.1\bin\net.dll
Event: 0.058 Loaded shared library C:\Users\danie\.jdks\openjdk-24.0.1\bin\nio.dll
Event: 0.061 Loaded shared library C:\Users\danie\.jdks\openjdk-24.0.1\bin\zip.dll
Event: 0.081 Loaded shared library C:\Users\danie\.jdks\openjdk-24.0.1\bin\jimage.dll
Event: 0.088 Loaded shared library C:\Users\danie\.jdks\openjdk-24.0.1\bin\extnet.dll
Event: 0.104 Loaded shared library C:\Users\danie\.jdks\openjdk-24.0.1\bin\management.dll
Event: 0.108 Loaded shared library C:\Users\danie\.jdks\openjdk-24.0.1\bin\management_ext.dll
Event: 32.682 Loaded shared library C:\Users\danie\AppData\Local\Temp\idea_libasyncProfiler_dll_temp_folder\libasyncProfiler.dll

Deoptimization events (20 events):
Event: 32.694 Thread 0x0000016d5cb6e120 Uncommon trap: trap_request=0xffffffde fr.pc=0x0000016d4b1fe720 relative=0x0000000000001800
Event: 32.694 Thread 0x0000016d5cb6e120 Uncommon trap: reason=class_check action=maybe_recompile pc=0x0000016d4b1fe720 method=jdk.internal.util.xml.impl.Parser.getch()C @ 47 c2
Event: 32.694 Thread 0x0000016d5cb6e120 DEOPT PACKING pc=0x0000016d4b1fe720 sp=0x0000000d462fe970
Event: 32.694 Thread 0x0000016d5cb6e120 DEOPT UNPACKING pc=0x0000016d4ad35002 sp=0x0000000d462fe8b8 mode 2
Event: 32.740 Thread 0x0000016d5cb6e120 Uncommon trap: trap_request=0xffffff4d fr.pc=0x0000016d4b27b960 relative=0x00000000000000c0
Event: 32.740 Thread 0x0000016d5cb6e120 Uncommon trap: reason=unstable_if action=reinterpret pc=0x0000016d4b27b960 method=jdk.jfr.internal.Type.getKnownType(Ljava/lang/Class;)Ljdk/jfr/internal/Type; @ 47 c2
Event: 32.740 Thread 0x0000016d5cb6e120 DEOPT PACKING pc=0x0000016d4b27b960 sp=0x0000000d462fe280
Event: 32.740 Thread 0x0000016d5cb6e120 DEOPT UNPACKING pc=0x0000016d4ad35002 sp=0x0000000d462fe218 mode 2
Event: 32.744 Thread 0x0000016d5cb6e120 Uncommon trap: trap_request=0xffffff4d fr.pc=0x0000016d4b2040c8 relative=0x0000000000000288
Event: 32.744 Thread 0x0000016d5cb6e120 Uncommon trap: reason=unstable_if action=reinterpret pc=0x0000016d4b2040c8 method=java.util.concurrent.ConcurrentHashMap.get(Ljava/lang/Object;)Ljava/lang/Object; @ 76 c2
Event: 32.744 Thread 0x0000016d5cb6e120 DEOPT PACKING pc=0x0000016d4b2040c8 sp=0x0000000d462fe2b0
Event: 32.744 Thread 0x0000016d5cb6e120 DEOPT UNPACKING pc=0x0000016d4ad35002 sp=0x0000000d462fe228 mode 2
Event: 32.747 Thread 0x0000016d5cb6e120 Uncommon trap: trap_request=0xffffffcc fr.pc=0x0000016d4b27b27c relative=0x00000000000003bc
Event: 32.747 Thread 0x0000016d5cb6e120 Uncommon trap: reason=intrinsic_or_type_checked_inlining action=make_not_entrant pc=0x0000016d4b27b27c method=java.util.Arrays.copyOf([Ljava/lang/Object;ILjava/lang/Class;)[Ljava/lang/Object; @ 35 c2
Event: 32.747 Thread 0x0000016d5cb6e120 DEOPT PACKING pc=0x0000016d4b27b27c sp=0x0000000d462fe400
Event: 32.747 Thread 0x0000016d5cb6e120 DEOPT UNPACKING pc=0x0000016d4ad35002 sp=0x0000000d462fe390 mode 2
Event: 32.750 Thread 0x0000016d5cb6e120 Uncommon trap: trap_request=0xffffff6e fr.pc=0x0000016d4b1f0594 relative=0x00000000000003f4
Event: 32.750 Thread 0x0000016d5cb6e120 Uncommon trap: reason=loop_limit_check action=maybe_recompile pc=0x0000016d4b1f0594 method=java.lang.StringLatin1.indexOf([BI[BII)I @ 37 c2
Event: 32.750 Thread 0x0000016d5cb6e120 DEOPT PACKING pc=0x0000016d4b1f0594 sp=0x0000000d462fe4f0
Event: 32.750 Thread 0x0000016d5cb6e120 DEOPT UNPACKING pc=0x0000016d4ad35002 sp=0x0000000d462fe450 mode 2

Classes loaded (20 events):
Event: 32.765 Loading class jdk/jfr/internal/MetadataWriter
Event: 32.765 Loading class jdk/jfr/internal/MetadataWriter done
Event: 32.765 Loading class jdk/jfr/internal/MetadataDescriptor$Element
Event: 32.765 Loading class jdk/jfr/internal/MetadataDescriptor$Element done
Event: 32.765 Loading class jdk/jfr/internal/MetadataDescriptor$Attribute
Event: 32.765 Loading class jdk/jfr/internal/MetadataDescriptor$Attribute done
Event: 32.768 Loading class jdk/jfr/internal/consumer/StringParser$Encoding
Event: 32.769 Loading class jdk/jfr/internal/consumer/StringParser$Encoding done
Event: 32.774 Loading class jdk/jfr/internal/consumer/RepositoryFiles
Event: 32.774 Loading class jdk/jfr/internal/consumer/RepositoryFiles done
Event: 32.776 Loading class jdk/jfr/internal/SettingsManager$InternalSetting
Event: 32.776 Loading class jdk/jfr/internal/SettingsManager$InternalSetting done
Event: 32.776 Loading class jdk/jfr/internal/util/Rate
Event: 32.776 Loading class jdk/jfr/internal/util/Rate done
Event: 32.776 Loading class jdk/jfr/internal/util/TimespanUnit
Event: 32.776 Loading class jdk/jfr/internal/util/TimespanUnit done
Event: 32.776 Loading class jdk/jfr/internal/util/ValueParser
Event: 32.776 Loading class jdk/jfr/internal/util/ValueParser done
Event: 32.777 Loading class jdk/jfr/internal/periodic/PeriodicType
Event: 32.777 Loading class jdk/jfr/internal/periodic/PeriodicType done

Classes unloaded (0 events):
No events

Classes redefined (0 events):
No events

Internal exceptions (20 events):
Event: 0.292 Thread 0x0000016da5a3afe0 Exception <a 'java/lang/NoSuchMethodError'{0x000000062b59aac0}: 'double java.lang.invoke.DirectMethodHandle$Holder.invokeInterface(java.lang.Object, java.lang.Object)'> (0x000000062b59aac0) 
thrown [s\open\src\hotspot\share\interpreter\linkResolver.cpp, line 805]
Event: 0.292 Thread 0x0000016da5a3afe0 Exception <a 'java/lang/NoSuchMethodError'{0x000000062b5ab730}: 'double java.lang.invoke.DelegatingMethodHandle$Holder.reinvoke_L(java.lang.Object, java.lang.Object)'> (0x000000062b5ab730) 
thrown [s\open\src\hotspot\share\interpreter\linkResolver.cpp, line 805]
Event: 0.303 Thread 0x0000016d38b7b8a0 Exception <a 'java/lang/NoSuchMethodError'{0x000000062b46f4e8}: 'void java.lang.invoke.DirectMethodHandle$Holder.invokeVirtual(java.lang.Object, java.lang.Object)'> (0x000000062b46f4e8) 
thrown [s\open\src\hotspot\share\interpreter\linkResolver.cpp, line 805]
Event: 0.311 Thread 0x0000016d38b7b8a0 Implicit null exception at 0x0000016d4b22431d to 0x0000016d4b224c8c
Event: 0.494 Thread 0x0000016da6f76ad0 Exception <a 'java/lang/NoSuchMethodError'{0x000000062a6f54e8}: 'void java.lang.invoke.Invokers$Holder.invokeExact_MT(java.lang.Object, java.lang.Object, java.lang.Object, java.lang.Object)'> (0x000000062a6f54e8) 
thrown [s\open\src\hotspot\share\interpreter\linkResolver.cpp, line 805]
Event: 0.495 Thread 0x0000016da6f76ad0 Exception <a 'java/lang/NoSuchMethodError'{0x000000062a70eb68}: 'void java.lang.invoke.DelegatingMethodHandle$Holder.reinvoke_L(java.lang.Object, java.lang.Object, double)'> (0x000000062a70eb68) 
thrown [s\open\src\hotspot\share\interpreter\linkResolver.cpp, line 805]
Event: 0.500 Thread 0x0000016da6f76ad0 Exception <a 'java/lang/NoSuchMethodError'{0x000000062a757c80}: 'java.lang.Object java.lang.invoke.DirectMethodHandle$Holder.invokeStatic(java.lang.Object, int, java.lang.Object)'> (0x000000062a757c80) 
thrown [s\open\src\hotspot\share\interpreter\linkResolver.cpp, line 805]
Event: 0.655 Thread 0x0000016da5a3afe0 Exception <a 'java/lang/NoSuchMethodError'{0x000000062d36d2f0}: 'long java.lang.invoke.DirectMethodHandle$Holder.invokeVirtual(java.lang.Object, java.lang.Object)'> (0x000000062d36d2f0) 
thrown [s\open\src\hotspot\share\interpreter\linkResolver.cpp, line 805]
Event: 0.655 Thread 0x0000016da5a3afe0 Exception <a 'java/lang/NoSuchMethodError'{0x000000062d3755e0}: 'java.lang.Object java.lang.invoke.DirectMethodHandle$Holder.invokeStatic(java.lang.Object, long)'> (0x000000062d3755e0) 
thrown [s\open\src\hotspot\share\interpreter\linkResolver.cpp, line 805]
Event: 0.656 Thread 0x0000016da5a3afe0 Exception <a 'java/lang/NoSuchMethodError'{0x000000062d385688}: 'long java.lang.invoke.DelegatingMethodHandle$Holder.reinvoke_L(java.lang.Object, java.lang.Object)'> (0x000000062d385688) 
thrown [s\open\src\hotspot\share\interpreter\linkResolver.cpp, line 805]
Event: 32.704 Thread 0x0000016d5cb6e120 Exception <a 'java/lang/NoSuchMethodError'{0x000000062ce55a78}: 'void java.lang.invoke.DirectMethodHandle$Holder.invokeStaticInit(java.lang.Object)'> (0x000000062ce55a78) 
thrown [s\open\src\hotspot\share\interpreter\linkResolver.cpp, line 805]
Event: 32.707 Thread 0x0000016d5cb6e120 Exception <a 'java/lang/NoSuchMethodError'{0x000000062ceb4850}: 'java.lang.Object java.lang.invoke.DirectMethodHandle$Holder.newInvokeSpecial(java.lang.Object, java.lang.Object, java.lang.Object, java.lang.Object, java.lang.Object)'> (0x000000062ceb4850) 
thrown [s\open\src\hotspot\share\interpreter\linkResolver.cpp, line 805]
Event: 32.722 Thread 0x0000016d5cb6e120 Exception <a 'java/lang/NoSuchMethodError'{0x000000062c849b98}: 'int java.lang.invoke.DirectMethodHandle$Holder.invokeStatic(java.lang.Object, java.lang.Object, java.lang.Object, java.lang.Object)'> (0x000000062c849b98) 
thrown [s\open\src\hotspot\share\interpreter\linkResolver.cpp, line 805]
Event: 32.757 Thread 0x0000016d5cb6e120 Exception <a 'java/lang/NoSuchMethodError'{0x000000062c456b90}: 'void java.lang.invoke.DirectMethodHandle$Holder.invokeSpecial(java.lang.Object, java.lang.Object, int)'> (0x000000062c456b90) 
thrown [s\open\src\hotspot\share\interpreter\linkResolver.cpp, line 805]
Event: 32.757 Thread 0x0000016d5cb6e120 Exception <a 'java/lang/NoSuchMethodError'{0x000000062c45e7b0}: 'void java.lang.invoke.Invokers$Holder.invokeExact_MT(java.lang.Object, int, java.lang.Object)'> (0x000000062c45e7b0) 
thrown [s\open\src\hotspot\share\interpreter\linkResolver.cpp, line 805]
Event: 32.758 Thread 0x0000016d5cb6e120 Exception <a 'java/lang/NoSuchMethodError'{0x000000062c479188}: 'void java.lang.invoke.DirectMethodHandle$Holder.invokeStatic(java.lang.Object, java.lang.Object, int)'> (0x000000062c479188) 
thrown [s\open\src\hotspot\share\interpreter\linkResolver.cpp, line 805]
Event: 32.759 Thread 0x0000016d5cb6e120 Exception <a 'java/lang/NoSuchMethodError'{0x000000062c488090}: 'java.lang.Object java.lang.invoke.DirectMethodHandle$Holder.newInvokeSpecial(java.lang.Object, java.lang.Object, int)'> (0x000000062c488090) 
thrown [s\open\src\hotspot\share\interpreter\linkResolver.cpp, line 805]
Event: 32.761 Thread 0x0000016d5cb6e120 Exception <a 'sun/nio/fs/WindowsException'{0x000000062c4bc120}> (0x000000062c4bc120) 
thrown [s\open\src\hotspot\share\prims\jni.cpp, line 518]
Event: 32.762 Thread 0x0000016d5cb6e120 Exception <a 'sun/nio/fs/WindowsException'{0x000000062c4c8f08}> (0x000000062c4c8f08) 
thrown [s\open\src\hotspot\share\prims\jni.cpp, line 518]
Event: 32.763 Thread 0x0000016d5cb6e120 Exception <a 'sun/nio/fs/WindowsException'{0x000000062c4daca0}> (0x000000062c4daca0) 
thrown [s\open\src\hotspot\share\prims\jni.cpp, line 518]

VM Operations (20 events):
Event: 0.258 Executing VM operation: HandshakeAllThreads (Deoptimize)
Event: 0.258 Executing VM operation: HandshakeAllThreads (Deoptimize) done
Event: 0.271 Executing VM operation: HandshakeAllThreads (Deoptimize)
Event: 0.272 Executing VM operation: HandshakeAllThreads (Deoptimize) done
Event: 0.276 Executing VM operation: HandshakeAllThreads (Deoptimize)
Event: 0.276 Executing VM operation: HandshakeAllThreads (Deoptimize) done
Event: 0.281 Executing VM operation: HandshakeAllThreads (Deoptimize)
Event: 0.281 Executing VM operation: HandshakeAllThreads (Deoptimize) done
Event: 0.322 Executing VM operation: HandshakeAllThreads (Deoptimize)
Event: 0.322 Executing VM operation: HandshakeAllThreads (Deoptimize) done
Event: 0.322 Executing VM operation: HandshakeAllThreads (Deoptimize)
Event: 0.323 Executing VM operation: HandshakeAllThreads (Deoptimize) done
Event: 0.480 Executing VM operation: HandshakeAllThreads (Deoptimize)
Event: 0.480 Executing VM operation: HandshakeAllThreads (Deoptimize) done
Event: 0.507 Executing VM operation: G1CollectForAllocation (G1 Evacuation Pause)
Event: 0.510 Executing VM operation: G1CollectForAllocation (G1 Evacuation Pause) done
Event: 32.759 Executing VM operation: HandshakeAllThreads (Deoptimize)
Event: 32.759 Executing VM operation: HandshakeAllThreads (Deoptimize) done
Event: 32.774 Executing VM operation: JFRSafepointClear
Event: 32.774 Executing VM operation: JFRSafepointClear done

Memory protections (0 events):
No events

Nmethod flushes (0 events):
No events

Events (20 events):
Event: 0.083 Thread 0x0000016d38b7b8a0 Thread added: 0x0000016da506e2b0
Event: 0.164 Thread 0x0000016d38b7b8a0 Thread added: 0x0000016da52130b0
Event: 0.187 Thread 0x0000016d5f651390 Thread added: 0x0000016da53d9c60
Event: 0.192 Thread 0x0000016d38b7b8a0 Thread added: 0x0000016da598b300
Event: 0.254 Thread 0x0000016d5cb6e120 Thread added: 0x0000016da597bf20
Event: 0.265 Thread 0x0000016da597bf20 Thread added: 0x0000016da5a3afe0
Event: 0.272 Thread 0x0000016da5a3afe0 Thread added: 0x0000016da59c87e0
Event: 0.275 Thread 0x0000016da5a3afe0 Thread added: 0x0000016da5b07540
Event: 0.376 Thread 0x0000016d38b7b8a0 Thread added: 0x0000016da5b86b30
Event: 0.457 Thread 0x0000016da52130b0 Thread added: 0x0000016da6f780c0
Event: 0.457 Thread 0x0000016d38b7b8a0 Thread exited: 0x0000016d38b7b8a0
Event: 0.457 Thread 0x0000016da6f796b0 Thread added: 0x0000016da6f796b0
Event: 0.458 Thread 0x0000016da52130b0 Thread added: 0x0000016da6f76ad0
Event: 0.506 Thread 0x0000016da6f76ad0 Thread added: 0x0000016da6f78f60
Event: 0.653 Thread 0x0000016da53d9c60 Thread exited: 0x0000016da53d9c60
Event: 0.653 Thread 0x0000016d5f910c30 Thread exited: 0x0000016d5f910c30
Event: 32.703 Thread 0x0000016d5cb6e120 Thread added: 0x0000016da6f76380
Event: 32.720 Thread 0x0000016d5f651390 Thread added: 0x0000016da6094290
Event: 32.727 Thread 0x0000016d5f651390 Thread added: 0x0000016da6198020
Event: 32.759 Thread 0x0000016d5cb6e120 Thread added: 0x0000016da6f79e00


Dynamic libraries:
0x00007ff71db80000 - 0x00007ff71db8e000 	C:\Users\danie\.jdks\openjdk-24.0.1\bin\java.exe
0x00007ff867a40000 - 0x00007ff867ca5000 	C:\WINDOWS\SYSTEM32\ntdll.dll
0x00007ff8664e0000 - 0x00007ff8665a9000 	C:\WINDOWS\System32\KERNEL32.DLL
0x00007ff8653f0000 - 0x00007ff8657d8000 	C:\WINDOWS\System32\KERNELBASE.dll
0x00007ff864bc0000 - 0x00007ff864d0b000 	C:\WINDOWS\System32\ucrtbase.dll
0x00007ff849910000 - 0x00007ff84992b000 	C:\Users\danie\.jdks\openjdk-24.0.1\bin\VCRUNTIME140.dll
0x00007ff860cf0000 - 0x00007ff860d06000 	C:\Users\danie\.jdks\openjdk-24.0.1\bin\jli.dll
0x00007ff865a70000 - 0x00007ff865c3a000 	C:\WINDOWS\System32\USER32.dll
0x00007ff863e20000 - 0x00007ff8640ba000 	C:\WINDOWS\WinSxS\amd64_microsoft.windows.common-controls_6595b64144ccf1df_6.0.26100.4202_none_3e0698d4e335f517\COMCTL32.dll
0x00007ff864b90000 - 0x00007ff864bb7000 	C:\WINDOWS\System32\win32u.dll
0x00007ff866ce0000 - 0x00007ff866d89000 	C:\WINDOWS\System32\msvcrt.dll
0x00007ff866a40000 - 0x00007ff866a6b000 	C:\WINDOWS\System32\GDI32.dll
0x00007ff864e60000 - 0x00007ff864f97000 	C:\WINDOWS\System32\gdi32full.dll
0x00007ff864db0000 - 0x00007ff864e53000 	C:\WINDOWS\System32\msvcp_win.dll
0x00007ff866ca0000 - 0x00007ff866cd0000 	C:\WINDOWS\System32\IMM32.DLL
0x00007ff860ce0000 - 0x00007ff860cec000 	C:\Users\danie\.jdks\openjdk-24.0.1\bin\vcruntime140_1.dll
0x00007ff8450f0000 - 0x00007ff84517e000 	C:\Users\danie\.jdks\openjdk-24.0.1\bin\msvcp140.dll
0x00007fffb56d0000 - 0x00007fffb6472000 	C:\Users\danie\.jdks\openjdk-24.0.1\bin\server\jvm.dll
0x00007ff866420000 - 0x00007ff8664d3000 	C:\WINDOWS\System32\ADVAPI32.dll
0x00007ff867950000 - 0x00007ff8679f6000 	C:\WINDOWS\System32\sechost.dll
0x00007ff867780000 - 0x00007ff867895000 	C:\WINDOWS\System32\RPCRT4.dll
0x00007ff866850000 - 0x00007ff8668c4000 	C:\WINDOWS\System32\WS2_32.dll
0x00007ff8643f0000 - 0x00007ff86444e000 	C:\WINDOWS\SYSTEM32\POWRPROF.dll
0x00007ff858e90000 - 0x00007ff858ec5000 	C:\WINDOWS\SYSTEM32\WINMM.dll
0x00007ff85dda0000 - 0x00007ff85ddab000 	C:\WINDOWS\SYSTEM32\VERSION.dll
0x00007ff8642c0000 - 0x00007ff8642d4000 	C:\WINDOWS\SYSTEM32\UMPDC.dll
0x00007ff863070000 - 0x00007ff86308b000 	C:\WINDOWS\SYSTEM32\kernel.appcore.dll
0x00007ff849900000 - 0x00007ff84990a000 	C:\Users\danie\.jdks\openjdk-24.0.1\bin\jimage.dll
0x00007ff864460000 - 0x00007ff8646a1000 	C:\WINDOWS\SYSTEM32\DBGHELP.DLL
0x00007ff866e80000 - 0x00007ff867205000 	C:\WINDOWS\System32\combase.dll
0x00007ff866d90000 - 0x00007ff866e71000 	C:\WINDOWS\System32\OLEAUT32.dll
0x00007ff8642e0000 - 0x00007ff864319000 	C:\WINDOWS\SYSTEM32\dbgcore.DLL
0x00007ff864d10000 - 0x00007ff864da9000 	C:\WINDOWS\System32\bcryptPrimitives.dll
0x00007ff843b30000 - 0x00007ff843b3f000 	C:\Users\danie\.jdks\openjdk-24.0.1\bin\instrument.dll
0x00007ff845280000 - 0x00007ff84529e000 	C:\Users\danie\.jdks\openjdk-24.0.1\bin\java.dll
0x00007ff866a80000 - 0x00007ff866c1e000 	C:\WINDOWS\System32\ole32.dll
0x00007ff865cd0000 - 0x00007ff866412000 	C:\WINDOWS\System32\SHELL32.dll
0x00007ff8651b0000 - 0x00007ff865324000 	C:\WINDOWS\System32\wintypes.dll
0x00007ff861d70000 - 0x00007ff8625c7000 	C:\WINDOWS\SYSTEM32\windows.storage.dll
0x00007ff866750000 - 0x00007ff866841000 	C:\WINDOWS\System32\SHCORE.dll
0x00007ff866c30000 - 0x00007ff866c9a000 	C:\WINDOWS\System32\shlwapi.dll
0x00007ff864aa0000 - 0x00007ff864acf000 	C:\WINDOWS\SYSTEM32\profapi.dll
0x00007ff80c160000 - 0x00007ff80c237000 	C:\Users\danie\.jdks\openjdk-24.0.1\bin\jsvml.dll
0x00007ff8447b0000 - 0x00007ff8447c7000 	C:\Users\danie\.jdks\openjdk-24.0.1\bin\zip.dll
0x00007ff845440000 - 0x00007ff845450000 	C:\Users\danie\.jdks\openjdk-24.0.1\bin\net.dll
0x00007ff863580000 - 0x00007ff8635ea000 	C:\WINDOWS\system32\mswsock.dll
0x00007ff8450d0000 - 0x00007ff8450e6000 	C:\Users\danie\.jdks\openjdk-24.0.1\bin\nio.dll
0x00007ff8453e0000 - 0x00007ff8453e9000 	C:\Users\danie\.jdks\openjdk-24.0.1\bin\extnet.dll
0x00007ff862a60000 - 0x00007ff862b87000 	C:\WINDOWS\SYSTEM32\DNSAPI.dll
0x00007ff862a20000 - 0x00007ff862a53000 	C:\WINDOWS\SYSTEM32\IPHLPAPI.DLL
0x00007ff866740000 - 0x00007ff86674a000 	C:\WINDOWS\System32\NSI.dll
0x00007ff852410000 - 0x00007ff85241b000 	C:\Windows\System32\rasadhlp.dll
0x00007ff85d230000 - 0x00007ff85d2b6000 	C:\WINDOWS\System32\fwpuclnt.dll
0x00007ff843b10000 - 0x00007ff843b1a000 	C:\Users\danie\.jdks\openjdk-24.0.1\bin\management.dll
0x00007ff842640000 - 0x00007ff84264b000 	C:\Users\danie\.jdks\openjdk-24.0.1\bin\management_ext.dll
0x00007ff865c40000 - 0x00007ff865c48000 	C:\WINDOWS\System32\PSAPI.DLL
0x00007ff8647d0000 - 0x00007ff8647eb000 	C:\WINDOWS\SYSTEM32\CRYPTSP.dll
0x00007ff863c30000 - 0x00007ff863c6a000 	C:\WINDOWS\system32\rsaenh.dll
0x00007ff8635f0000 - 0x00007ff86361b000 	C:\WINDOWS\SYSTEM32\USERENV.dll
0x00007ff864a70000 - 0x00007ff864a96000 	C:\WINDOWS\SYSTEM32\bcrypt.dll
0x00007ff863c20000 - 0x00007ff863c2c000 	C:\WINDOWS\SYSTEM32\CRYPTBASE.dll
0x00007ff837180000 - 0x00007ff837198000 	C:\WINDOWS\system32\napinsp.dll
0x00007ff835e40000 - 0x00007ff835e52000 	C:\WINDOWS\System32\winrnr.dll
0x00007ff8339c0000 - 0x00007ff8339f0000 	C:\WINDOWS\system32\nlansp_c.dll
0x00007ff8389f0000 - 0x00007ff838a10000 	C:\WINDOWS\system32\wshbth.dll
0x00007ff852260000 - 0x00007ff8522ae000 	C:\WINDOWS\SYSTEM32\pdh.dll
0x00007ff85ef00000 - 0x00007ff85ef12000 	C:\WINDOWS\System32\perfproc.dll
0x00007ff83fd50000 - 0x00007ff83fd61000 	C:\WINDOWS\System32\perfos.dll
0x00007ff860f40000 - 0x00007ff860f52000 	C:\WINDOWS\SYSTEM32\pfclient.dll
0x00007fffc3880000 - 0x00007fffc3a8e000 	C:\Users\danie\AppData\Local\Temp\idea_libasyncProfiler_dll_temp_folder\libasyncProfiler.dll

JVMTI agents:
C:\Program Files\JetBrains\IntelliJ IDEA 2024.3.5\lib\idea_rt.jar path:C:\Users\danie\.jdks\openjdk-24.0.1\bin\instrument.dll, loaded, initialized, instrumentlib options:64140

dbghelp: loaded successfully - version: 4.0.5 - missing functions: none
symbol engine: initialized successfully - sym options: 0x614 - pdb path: .;C:\Users\danie\.jdks\openjdk-24.0.1\bin;C:\WINDOWS\SYSTEM32;C:\WINDOWS\WinSxS\amd64_microsoft.windows.common-controls_6595b64144ccf1df_6.0.26100.4202_none_3e0698d4e335f517;C:\Users\danie\.jdks\openjdk-24.0.1\bin\server;C:\Users\danie\AppData\Local\Temp\idea_libasyncProfiler_dll_temp_folder

VM Arguments:
jvm_args: -javaagent:C:\Program Files\JetBrains\IntelliJ IDEA 2024.3.5\lib\idea_rt.jar=64140 -Dfile.encoding=UTF-8 -Dsun.stdout.encoding=UTF-8 -Dsun.stderr.encoding=UTF-8 
java_command: energy.UsageService
java_class_path (initial): C:\Users\danie\Desktop\ManDator_V2\target\classes;C:\Users\danie\.m2\repository\com\rabbitmq\amqp-client\5.20.0\amqp-client-5.20.0.jar;C:\Users\danie\.m2\repository\org\slf4j\slf4j-api\2.0.13\slf4j-api-2.0.13.jar;C:\Users\danie\.m2\repository\com\fasterxml\jackson\core\jackson-databind\2.15.2\jackson-databind-2.15.2.jar;C:\Users\danie\.m2\repository\com\fasterxml\jackson\core\jackson-annotations\2.15.4\jackson-annotations-2.15.4.jar;C:\Users\danie\.m2\repository\com\fasterxml\jackson\core\jackson-core\2.15.4\jackson-core-2.15.4.jar;C:\Users\danie\.m2\repository\org\springframework\boot\spring-boot-starter-web\3.2.5\spring-boot-starter-web-3.2.5.jar;C:\Users\danie\.m2\repository\org\springframework\boot\spring-boot-starter\3.2.5\spring-boot-starter-3.2.5.jar;C:\Users\danie\.m2\repository\org\springframework\boot\spring-boot-starter-logging\3.2.5\spring-boot-starter-logging-3.2.5.jar;C:\Users\danie\.m2\repository\ch\qos\logback\logback-classic\1.4.14\logback-classic-1.4.14.jar;C:\Users\danie\.m2\repository\ch\qos\logback\logback-core\1.4.14\logback-core-1.4.14.jar;C:\Users\danie\.m2\repository\org\apache\logging\log4j\log4j-to-slf4j\2.21.1\log4j-to-slf4j-2.21.1.jar;C:\Users\danie\.m2\repository\org\apache\logging\log4j\log4j-api\2.21.1\log4j-api-2.21.1.jar;C:\Users\danie\.m2\repository\org\slf4j\jul-to-slf4j\2.0.13\jul-to-slf4j-2.0.13.jar;C:\Users\danie\.m2\repository\jakarta\annotation\jakarta.annotation-api\2.1.1\jakarta.annotation-api-2.1.1.jar;C:\Users\danie\.m2\repository\org\springframework\spring-core\6.1.6\spring-core-6.1.6.jar;C:\Users\danie\.m2\repository\org\springframework\spring-jcl\6.1.6\spring-jcl-6.1.6.jar;C:\Users\danie\.m2\repository\org\yaml\snakeyaml\2.2\snakeyaml-2.2.jar;C:\Users\danie\.m2\repository\org\springframework\boot\spring-boot-starter-json\3.2.5\spring-boot-starter-json-3.2.5.jar;C:\Users\danie\.m2\repository\com\fasterxml\jackson\datatype\jackson-datatype-jdk8\2.15.4\jackson-datatype-jdk8-2.15.4.jar;C:\Users\danie\.m2\repository\com\fasterxml\jackson\datatype\jackson-datatype-jsr310\2.15.4\jackson-datatype-jsr310-2.15.4.jar;C:\Users\danie\.m2\repository\com\fasterxml\jackson\module\jackson-module-parameter-names\2.15.4\jackson-module-parameter-names-2.15.4.jar;C:\Users\danie\.m2\repository\org\springframework\boot\spring-boot-starter-tomcat\3.2.5\spring-boot-starter-tomcat-3.2.5.jar;C:\Users\danie\.m2\repository\org\apache\tomcat\embed\tomcat-embed-core\10.1.20\tomcat-embed-core-10.1.20.jar;C:\Users\danie\.m2\repository\org\apache\tomcat\embed\tomcat-embed-el\10.1.20\tomcat-embed-el-10.1.20.jar;C:\Users\danie\.m2\repository\org\apache\tomcat\embed\tomcat-embed-websocket\10.1.20\tomcat-embed-websocket-10.1.20.jar;C:\Users\danie\.m2\repository\org\springframework\spring-web\6.1.6\spring-web-6.1.6.jar;C:\Users\danie\.m2\repository\org\springframework\spring-beans\6.1.6\spring-beans-6.1.6.jar;C:\Users\danie\.m2\repository\io\micrometer\micrometer-observation\1.12.5\micrometer-observation-1.12.5.jar;C:\Users\danie\.m2\repository\io\micrometer\micrometer-commons\1.12.5\micrometer-commons-1.12.5.jar;C:\Users\danie\.m2\repository\org\springframework\spring-webmvc\6.1.6\spring-webmvc-6.1.6.jar;C:\Users\danie\.m2\repository\org\springframework\spring-aop\6.1.6\spring-aop-6.1.6.jar;C:\Users\danie\.m2\repository\org\springframework\spring-context\6.1.6\spring-context-6.1.6.jar;C:\Users\danie\.m2\repository\org\springframework\spring-expression\6.1.6\spring-expression-6.1.6.jar;C:\Users\danie\.m2\repository\org\springframework\boot\spring-boot-devtools\3.2.5\spring-boot-devtools-3.2.5.jar;C:\Users\danie\.m2\repository\org\springframework\boot\spring-boot\3.2.5\spring-boot-3.2.5.jar;C:\Users\danie\.m2\repository\org\springframework\boot\spring-boot-autoconfigure\3.2.5\spring-boot-autoconfigure-3.2.5.jar;C:\Users\danie\.m2\repository\org\postgresql\postgresql\42.7.3\postgresql-42.7.3.jar;C:\Users\danie\.m2\repository\org\checkerframework\checker-qual\3.42.0\checker-qual-3.42.0.jar
Launcher Type: SUN_STANDARD

[Global flags]
     intx CICompilerCount                          = 4                                         {product} {ergonomic}
     uint ConcGCThreads                            = 3                                         {product} {ergonomic}
     bool FlightRecorder                           = true                                      {product} {management}
     uint G1ConcRefinementThreads                  = 10                                        {product} {ergonomic}
   size_t G1HeapRegionSize                         = 4194304                                   {product} {ergonomic}
   size_t InitialHeapSize                          = 524288000                                 {product} {ergonomic}
   size_t MarkStackSize                            = 4194304                                   {product} {ergonomic}
   size_t MarkStackSizeMax                         = 536870912                                 {product} {ergonomic}
   size_t MaxHeapSize                              = 8355053568                                {product} {ergonomic}
   size_t MaxNewSize                               = 5012193280                                {product} {ergonomic}
   size_t MinHeapDeltaBytes                        = 4194304                                   {product} {ergonomic}
   size_t MinHeapSize                              = 8388608                                   {product} {ergonomic}
    uintx NonNMethodCodeHeapSize                   = 5832704                                {pd product} {ergonomic}
    uintx NonProfiledCodeHeapSize                  = 122945536                              {pd product} {ergonomic}
    uintx ProfiledCodeHeapSize                     = 122880000                              {pd product} {ergonomic}
    uintx ReservedCodeCacheSize                    = 251658240                              {pd product} {ergonomic}
     bool SegmentedCodeCache                       = true                                      {product} {ergonomic}
   size_t SoftMaxHeapSize                          = 8355053568                             {manageable} {ergonomic}
     bool UseCompressedOops                        = true                           {product lp64_product} {ergonomic}
     bool UseG1GC                                  = true                                      {product} {ergonomic}
     bool UseLargePagesIndividualAllocation        = false                                  {pd product} {ergonomic}

Logging:
Log output configuration:
 #0: stdout all=warning uptime,level,tags foldmultilines=false
 #1: stderr all=off uptime,level,tags foldmultilines=false

Environment Variables:
JAVA_HOME=C:\Program Files\Java\jdk-24
PATH=C:\Program Files\Common Files\Oracle\Java\javapath;C:\WINDOWS\system32;C:\WINDOWS;C:\WINDOWS\System32\Wbem;C:\WINDOWS\System32\WindowsPowerShell\v1.0\;C:\WINDOWS\System32\OpenSSH\;C:\Program Files\NVIDIA Corporation\NVIDIA app\NvDLISR;C:\Program Files (x86)\NVIDIA Corporation\PhysX\Common;C:\Program Files\Docker\Docker\resources\bin;C:\Program Files\Git\cmd;C:\Program Files\Java\jdk-24\bin;C:\Program Files\nodejs\;C:\Users\danie\AppData\Local\Programs\Python\Launcher\;C:\Users\danie\AppData\Local\Microsoft\WindowsApps;C:\Users\danie\AppData\Local\Programs\Microsoft VS Code\bin;C:\Users\danie\AppData\Roaming\TinyTeX\bin\windows;C:\Users\danie\AppData\Roaming\npm
USERNAME=danie
OS=Windows_NT
PROCESSOR_IDENTIFIER=AMD64 Family 26 Model 68 Stepping 0, AuthenticAMD
TMP=C:\Users\danie\AppData\Local\Temp
TEMP=C:\Users\danie\AppData\Local\Temp




Periodic native trim disabled

---------------  S Y S T E M  ---------------

OS:
 Windows 11 , 64 bit Build 26100 (10.0.26100.4202)
OS uptime: 5 days 6:30 hours
Hyper-V role detected

CPU: total 12 (initial active 12) (12 cores per cpu, 2 threads per core) family 26 model 68 stepping 0 microcode 0xb404023, cx8, cmov, fxsr, ht, mmx, 3dnowpref, sse, sse2, sse3, ssse3, sse4a, sse4.1, sse4.2, popcnt, lzcnt, tsc, tscinvbit, avx, avx2, aes, erms, clmul, bmi1, bmi2, adx, avx512f, avx512dq, avx512cd, avx512bw, avx512vl, sha, fma, vzeroupper, avx512_vpopcntdq, avx512_vpclmulqdq, avx512_vaes, avx512_vnni, clflush, clflushopt, avx512_vbmi2, avx512_vbmi, hv, rdtscp, rdpid, fsrm, gfni, avx512_bitalg, f16c, cet_ss, avx512_ifma
Processor Information for the first 12 processors :
  Max Mhz: 3900, Current Mhz: 3900, Mhz Limit: 3900

Memory: 4k page, system-wide physical 31860M (16442M free)
TotalPageFile size 33908M (AvailPageFile size 12353M)
current process WorkingSet (physical memory assigned to process): 145M, peak: 150M
current process commit charge ("private bytes"): 678M, peak: 680M

vm_info: OpenJDK 64-Bit Server VM (24.0.1+9-30) for windows-amd64 JRE (24.0.1+9-30), built on 2025-03-05T07:23:45Z with MS VC++ 17.6 (VS2022)

END.
